<?xml version="1.0" encoding="UTF-8"?>
<!-- Generated by org.testng.reporters.JUnitReportReporter -->
<testsuite name="com.puma.TC.productselection.TC_Purchase_Of_RunningShoes" tests="4" time="84.835" ignored="0" failures="0" timestamp="02 Sep 2018 17:17:24 GMT" skipped="0" hostname="DESKTOP-R9N7F9V" errors="0">
  <testcase name="tcClickOn2ndShoesAndAddToCart" time="69.229" classname="com.puma.TC.productselection.TC_Purchase_Of_RunningShoes"/>
  <testcase name="loginToappWithrequiredCredentials" time="11.505" classname="com.puma.TC.productselection.TC_Purchase_Of_RunningShoes"/>
  <testcase name="tcVerifyPageTitle" time="1.936" classname="com.puma.TC.productselection.TC_Purchase_Of_RunningShoes"/>
  <testcase name="tcNavigateTo_Men_RunningShoes" time="2.165" classname="com.puma.TC.productselection.TC_Purchase_Of_RunningShoes"/>
</testsuite> <!-- com.puma.TC.productselection.TC_Purchase_Of_RunningShoes -->
